<?xml version="1.0" encoding="UTF-8"?>
<testsuite xmlns:xsi="http://www.w3.org/2001/XMLSchema-instance" xsi:noNamespaceSchemaLocation="https://maven.apache.org/surefire/maven-surefire-plugin/xsd/surefire-test-report.xsd" name="avalor.GreedyPlannerTest" time="0.028" tests="3" errors="0" skipped="0" failures="0">
  <properties>
    <property name="sun.desktop" value="windows"/>
    <property name="awt.toolkit" value="sun.awt.windows.WToolkit"/>
    <property name="java.specification.version" value="11"/>
    <property name="sun.cpu.isalist" value="amd64"/>
    <property name="sun.jnu.encoding" value="Cp1252"/>
    <property name="java.class.path" value="C:\Users\boeki\OneDrive\Bureaublad\avalor\pathplanner\target\test-classes;C:\Users\boeki\OneDrive\Bureaublad\avalor\pathplanner\target\classes;C:\Users\boeki\.m2\repository\junit\junit\4.11\junit-4.11.jar;C:\Users\boeki\.m2\repository\org\hamcrest\hamcrest-core\1.3\hamcrest-core-1.3.jar;"/>
    <property name="java.vm.vendor" value="Oracle Corporation"/>
    <property name="sun.arch.data.model" value="64"/>
    <property name="user.variant" value=""/>
    <property name="java.vendor.url" value="https://openjdk.java.net/"/>
    <property name="user.timezone" value="Europe/Berlin"/>
    <property name="java.vm.specification.version" value="11"/>
    <property name="os.name" value="Windows 11"/>
    <property name="sun.java.launcher" value="SUN_STANDARD"/>
    <property name="user.country" value="NL"/>
    <property name="sun.boot.library.path" value="C:\Program Files\Java\jdk-11.0.14\bin"/>
    <property name="sun.java.command" value="C:\Users\boeki\AppData\Local\Temp\surefire2839057680224091562\surefirebooter16706512230778378840.jar C:\Users\boeki\AppData\Local\Temp\surefire2839057680224091562 2024-10-01T18-58-51_382-jvmRun1 surefire17846538148934165613tmp surefire_06793567990200870855tmp"/>
    <property name="jdk.debug" value="release"/>
    <property name="surefire.test.class.path" value="C:\Users\boeki\OneDrive\Bureaublad\avalor\pathplanner\target\test-classes;C:\Users\boeki\OneDrive\Bureaublad\avalor\pathplanner\target\classes;C:\Users\boeki\.m2\repository\junit\junit\4.11\junit-4.11.jar;C:\Users\boeki\.m2\repository\org\hamcrest\hamcrest-core\1.3\hamcrest-core-1.3.jar;"/>
    <property name="sun.cpu.endian" value="little"/>
    <property name="user.home" value="C:\Users\boeki"/>
    <property name="user.language" value="nl"/>
    <property name="java.specification.vendor" value="Oracle Corporation"/>
    <property name="java.version.date" value="2022-01-18"/>
    <property name="java.home" value="C:\Program Files\Java\jdk-11.0.14"/>
    <property name="file.separator" value="\"/>
    <property name="basedir" value="C:\Users\boeki\OneDrive\Bureaublad\avalor\pathplanner"/>
    <property name="java.vm.compressedOopsMode" value="Zero based"/>
    <property name="line.separator" value="&#10;"/>
    <property name="java.specification.name" value="Java Platform API Specification"/>
    <property name="java.vm.specification.vendor" value="Oracle Corporation"/>
    <property name="java.awt.graphicsenv" value="sun.awt.Win32GraphicsEnvironment"/>
    <property name="surefire.real.class.path" value="C:\Users\boeki\AppData\Local\Temp\surefire2839057680224091562\surefirebooter16706512230778378840.jar"/>
    <property name="user.script" value=""/>
    <property name="sun.management.compiler" value="HotSpot 64-Bit Tiered Compilers"/>
    <property name="java.runtime.version" value="11.0.14+8-LTS-263"/>
    <property name="user.name" value="Jochem van Lith"/>
    <property name="path.separator" value=";"/>
    <property name="os.version" value="10.0"/>
    <property name="java.runtime.name" value="Java(TM) SE Runtime Environment"/>
    <property name="file.encoding" value="Cp1252"/>
    <property name="java.vm.name" value="Java HotSpot(TM) 64-Bit Server VM"/>
    <property name="java.vendor.version" value="18.9"/>
    <property name="localRepository" value="C:\Users\boeki\.m2\repository"/>
    <property name="java.vendor.url.bug" value="https://bugreport.java.com/bugreport/"/>
    <property name="java.io.tmpdir" value="C:\Users\boeki\AppData\Local\Temp\"/>
    <property name="java.version" value="11.0.14"/>
    <property name="user.dir" value="C:\Users\boeki\OneDrive\Bureaublad\avalor\pathplanner"/>
    <property name="os.arch" value="amd64"/>
    <property name="java.vm.specification.name" value="Java Virtual Machine Specification"/>
    <property name="java.awt.printerjob" value="sun.awt.windows.WPrinterJob"/>
    <property name="sun.os.patch.level" value=""/>
    <property name="java.library.path" value="C:\Program Files\Java\jdk-11.0.14\bin;C:\WINDOWS\Sun\Java\bin;C:\WINDOWS\system32;C:\WINDOWS;C:\Users\boeki\anaconda3;C:\Users\boeki\anaconda3\Library\mingw-w64\bin;C:\Users\boeki\anaconda3\Library\usr\bin;C:\Users\boeki\anaconda3\Library\bin;C:\Users\boeki\anaconda3\Scripts;C:\Users\boeki\anaconda3\bin;C:\Users\boeki\anaconda3\condabin;C:\Program Files\NVIDIA GPU Computing Toolkit\CUDA\v11.7\bin;C:\Program Files\NVIDIA GPU Computing Toolkit\CUDA\v11.7\libnvvp;C:\Program Files\NVIDIA GPU Computing Toolkit\CUDA\v11.6\bin;C:\Program Files\NVIDIA GPU Computing Toolkit\CUDA\v11.6\libnvvp;C:\Program Files\Common Files\Oracle\Java\javapath;C:\Program Files (x86)\Common Files\Oracle\Java\javapath;C:\Windows\system32;C:\Windows;C:\Windows\System32\Wbem;C:\Windows\System32\WindowsPowerShell\v1.0;C:\Windows\System32\OpenSSH;C:\Program Files (x86)\NVIDIA Corporation\PhysX\Common;C:\Program Files\NVIDIA Corporation\NVIDIA NvDLISR;C:\Program Files\MATLAB\MATLAB Runtime\v95\runtime\win64;C:\WINDOWS\system32;C:\WINDOWS;C:\WINDOWS\System32\Wbem;C:\WINDOWS\System32\WindowsPowerShell\v1.0;C:\WINDOWS\System32\OpenSSH;C:\Program Files\Git\cmd;C:\Program Files\Docker\Docker\resources\bin;C:\ProgramData\DockerDesktop\version-bin;C:\Program Files\TortoiseSVN\bin;C:\Program Files\Java\jdk-11.0.14\bin;C:\jq;C:\cuda\bin;C:\cuda\include;C:\cuda\lib;C:\Users\boeki\Ap;C:\Users\boeki\AppData\Local\Programs\Python\Python310\Scripts;C:\Users\boeki\AppData\Local\Programs\Python\Python310;C:\Program Files\MATLAB\R2022b\bin;C:\WINDOWS\system32;C:\WINDOWS;C:\WINDOWS\System32\Wbem;C:\WINDOWS\System32\WindowsPowerShell\v1.0;C:\WINDOWS\System32\OpenSSH;C:\Program Files\NVIDIA Corporation\Nsight Compute 2022.2.0;C:\Program Files (x86)\Bitvise SSH Client;C:\Program Files\Apache\maven\bin;C:\Users\boeki\AppData\Local\Programs\Python\Python310\Scripts;C:\Users\boeki\AppData\Local\Programs\Python\Python310;C:\Users\boeki\AppData\Roaming\local\bin;C:\Users\boeki\AppData\Local\Microsoft\WindowsApps;C:\Users\boeki\AppData\Local\Programs\Microsoft VS Code\bin;C:\ghcup\bin;C:\Users\boeki\anaconda3;C:\Users\boeki\anaconda3\Scripts;C:\Users\boeki\anaconda3\Library\bin;C:\Users\boeki\AppData\Local\Programs\MiKTeX\miktex\bin\x64;C:\Program Files\Apache\maven\bin;.;."/>
    <property name="java.vendor" value="Oracle Corporation"/>
    <property name="java.vm.info" value="mixed mode"/>
    <property name="java.vm.version" value="11.0.14+8-LTS-263"/>
    <property name="sun.io.unicode.encoding" value="UnicodeLittle"/>
    <property name="java.class.version" value="55.0"/>
  </properties>
  <testcase name="testInit" classname="avalor.GreedyPlannerTest" time="0.002"/>
  <testcase name="testGridRestorationAfterDelay" classname="avalor.GreedyPlannerTest" time="0.001"/>
  <testcase name="testTakeStep" classname="avalor.GreedyPlannerTest" time="0"/>
</testsuite>